cuda:0
Loading graph christianity
# nodes 2897 # edges 35624
Loading cascade christianity mode train
# train examples 9231
Loading cascade christianity mode val
# val examples 1091
Loading cascade christianity mode test
# test examples 1051
======VAE Pre-train=======
Mean VAE loss at epoch: 0001 18.32880
Mean VAE loss at epoch: 0002 17.87228
Mean VAE loss at epoch: 0003 16.32726
Mean VAE loss at epoch: 0004 14.26942
Mean VAE loss at epoch: 0005 12.05488
Mean VAE loss at epoch: 0006 9.39135
Mean VAE loss at epoch: 0007 6.97421
Mean VAE loss at epoch: 0008 5.00067
Mean VAE loss at epoch: 0009 3.94387
Mean VAE loss at epoch: 0010 3.48629
Mean VAE loss at epoch: 0011 3.34334
Mean VAE loss at epoch: 0012 3.32276
Mean VAE loss at epoch: 0013 3.31326
Mean VAE loss at epoch: 0014 3.28678
Mean VAE loss at epoch: 0015 3.32093
Mean VAE loss at epoch: 0016 3.30534
Mean VAE loss at epoch: 0017 3.30399
Mean VAE loss at epoch: 0018 3.26934
Mean VAE loss at epoch: 0019 3.31973
Mean VAE loss at epoch: 0020 3.29182
Mean VAE loss at epoch: 0021 3.30990
Mean VAE loss at epoch: 0022 3.30409
Mean VAE loss at epoch: 0023 3.30317
Mean VAE loss at epoch: 0024 3.26372
Mean VAE loss at epoch: 0025 3.30046
Mean VAE loss at epoch: 0026 3.29185
Mean VAE loss at epoch: 0027 3.29532
Mean VAE loss at epoch: 0028 3.27351
Mean VAE loss at epoch: 0029 3.28591
Mean VAE loss at epoch: 0030 3.33671
Mean VAE loss at epoch: 0031 3.29460
Mean VAE loss at epoch: 0032 3.29140
Mean VAE loss at epoch: 0033 3.28894
Mean VAE loss at epoch: 0034 3.29191
Mean VAE loss at epoch: 0035 3.28548
Mean VAE loss at epoch: 0036 3.28204
Mean VAE loss at epoch: 0037 3.29336
Mean VAE loss at epoch: 0038 3.29719
Mean VAE loss at epoch: 0039 3.31695
Mean VAE loss at epoch: 0040 4.03710
Mean VAE loss at epoch: 0041 3.30842
Mean VAE loss at epoch: 0042 3.27022
Mean VAE loss at epoch: 0043 3.30292
Mean VAE loss at epoch: 0044 3.28670
Mean VAE loss at epoch: 0045 3.30414
Mean VAE loss at epoch: 0046 3.26963
Mean VAE loss at epoch: 0047 3.26490
Mean VAE loss at epoch: 0048 3.32370
Mean VAE loss at epoch: 0049 3.27142
Mean VAE loss at epoch: 0050 3.28566
Pre-training completed
Initial run to get embeddings
Mean VAE loss at epoch: 0001 3.24346
Mean Attention loss at epoch: 0001 nan
Validation Attention loss at epoch: 0001 nan
Mean VAE loss at epoch: 0002 nan
Mean Attention loss at epoch: 0002 nan
Validation Attention loss at epoch: 0002 nan
Mean VAE loss at epoch: 0003 nan
Mean Attention loss at epoch: 0003 nan
Validation Attention loss at epoch: 0003 nan
Mean VAE loss at epoch: 0004 nan
Mean Attention loss at epoch: 0004 nan
Validation Attention loss at epoch: 0004 nan
Mean VAE loss at epoch: 0005 nan
Mean Attention loss at epoch: 0005 nan
Validation Attention loss at epoch: 0005 nan
Mean VAE loss at epoch: 0006 nan
Mean Attention loss at epoch: 0006 nan
Validation Attention loss at epoch: 0006 nan
Mean VAE loss at epoch: 0007 nan
Mean Attention loss at epoch: 0007 nan
Validation Attention loss at epoch: 0007 nan
Mean VAE loss at epoch: 0008 nan
Mean Attention loss at epoch: 0008 nan
Validation Attention loss at epoch: 0008 nan
Mean VAE loss at epoch: 0009 nan
Mean Attention loss at epoch: 0009 nan
Validation Attention loss at epoch: 0009 nan
Mean VAE loss at epoch: 0010 nan
Mean Attention loss at epoch: 0010 nan
Validation Attention loss at epoch: 0010 nan
Mean VAE loss at epoch: 0011 nan
Mean Attention loss at epoch: 0011 nan
Validation Attention loss at epoch: 0011 nan
Mean VAE loss at epoch: 0012 nan
Mean Attention loss at epoch: 0012 nan
Validation Attention loss at epoch: 0012 nan
Mean VAE loss at epoch: 0013 nan
Mean Attention loss at epoch: 0013 nan
Validation Attention loss at epoch: 0013 nan
Mean VAE loss at epoch: 0014 nan
Mean Attention loss at epoch: 0014 nan
Validation Attention loss at epoch: 0014 nan
Mean VAE loss at epoch: 0015 nan
Mean Attention loss at epoch: 0015 nan
Validation Attention loss at epoch: 0015 nan
Mean VAE loss at epoch: 0016 nan
Mean Attention loss at epoch: 0016 nan
Validation Attention loss at epoch: 0016 nan
Mean VAE loss at epoch: 0017 nan
Mean Attention loss at epoch: 0017 nan
Validation Attention loss at epoch: 0017 nan
Mean VAE loss at epoch: 0018 nan
Mean Attention loss at epoch: 0018 nan
Validation Attention loss at epoch: 0018 nan
Mean VAE loss at epoch: 0019 nan
Mean Attention loss at epoch: 0019 nan
Validation Attention loss at epoch: 0019 nan
Mean VAE loss at epoch: 0020 nan
Mean Attention loss at epoch: 0020 nan
Validation Attention loss at epoch: 0020 nan
Mean VAE loss at epoch: 0021 nan
Mean Attention loss at epoch: 0021 nan
Validation Attention loss at epoch: 0021 nan
Mean VAE loss at epoch: 0022 nan
Mean Attention loss at epoch: 0022 nan
Validation Attention loss at epoch: 0022 nan
Mean VAE loss at epoch: 0023 nan
Mean Attention loss at epoch: 0023 nan
Validation Attention loss at epoch: 0023 nan
Mean VAE loss at epoch: 0024 nan
Mean Attention loss at epoch: 0024 nan
Validation Attention loss at epoch: 0024 nan
Mean VAE loss at epoch: 0025 nan
Mean Attention loss at epoch: 0025 nan
Validation Attention loss at epoch: 0025 nan
Mean VAE loss at epoch: 0026 nan
Mean Attention loss at epoch: 0026 nan
Validation Attention loss at epoch: 0026 nan
Mean VAE loss at epoch: 0027 nan
Mean Attention loss at epoch: 0027 nan
Validation Attention loss at epoch: 0027 nan
Mean VAE loss at epoch: 0028 nan
Mean Attention loss at epoch: 0028 nan
Validation Attention loss at epoch: 0028 nan
Mean VAE loss at epoch: 0029 nan
Mean Attention loss at epoch: 0029 nan
Validation Attention loss at epoch: 0029 nan
Mean VAE loss at epoch: 0030 nan
Mean Attention loss at epoch: 0030 nan
Validation Attention loss at epoch: 0030 nan
Mean VAE loss at epoch: 0031 nan
Mean Attention loss at epoch: 0031 nan
Validation Attention loss at epoch: 0031 nan
Mean VAE loss at epoch: 0032 nan
Mean Attention loss at epoch: 0032 nan
Validation Attention loss at epoch: 0032 nan
Mean VAE loss at epoch: 0033 nan
Mean Attention loss at epoch: 0033 nan
Validation Attention loss at epoch: 0033 nan
Mean VAE loss at epoch: 0034 nan
Mean Attention loss at epoch: 0034 nan
Validation Attention loss at epoch: 0034 nan
Mean VAE loss at epoch: 0035 nan
Mean Attention loss at epoch: 0035 nan
Validation Attention loss at epoch: 0035 nan
Mean VAE loss at epoch: 0036 nan
Mean Attention loss at epoch: 0036 nan
Validation Attention loss at epoch: 0036 nan
Mean VAE loss at epoch: 0037 nan
Mean Attention loss at epoch: 0037 nan
Validation Attention loss at epoch: 0037 nan
Mean VAE loss at epoch: 0038 nan
Mean Attention loss at epoch: 0038 nan
Validation Attention loss at epoch: 0038 nan
Mean VAE loss at epoch: 0039 nan
Mean Attention loss at epoch: 0039 nan
Validation Attention loss at epoch: 0039 nan
Mean VAE loss at epoch: 0040 nan
Mean Attention loss at epoch: 0040 nan
Validation Attention loss at epoch: 0040 nan
Mean VAE loss at epoch: 0041 nan
Mean Attention loss at epoch: 0041 nan
Validation Attention loss at epoch: 0041 nan
Mean VAE loss at epoch: 0042 nan
Mean Attention loss at epoch: 0042 nan
Validation Attention loss at epoch: 0042 nan
Mean VAE loss at epoch: 0043 nan
Mean Attention loss at epoch: 0043 nan
Validation Attention loss at epoch: 0043 nan
Mean VAE loss at epoch: 0044 nan
Mean Attention loss at epoch: 0044 nan
Validation Attention loss at epoch: 0044 nan
Mean VAE loss at epoch: 0045 nan
Mean Attention loss at epoch: 0045 nan
Validation Attention loss at epoch: 0045 nan
Mean VAE loss at epoch: 0046 nan
Mean Attention loss at epoch: 0046 nan
Validation Attention loss at epoch: 0046 nan
Mean VAE loss at epoch: 0047 nan
Mean Attention loss at epoch: 0047 nan
Validation Attention loss at epoch: 0047 nan
Mean VAE loss at epoch: 0048 nan
Mean Attention loss at epoch: 0048 nan
Validation Attention loss at epoch: 0048 nan
Mean VAE loss at epoch: 0049 nan
Mean Attention loss at epoch: 0049 nan
Validation Attention loss at epoch: 0049 nan
Mean VAE loss at epoch: 0050 nan
Mean Attention loss at epoch: 0050 nan
Validation Attention loss at epoch: 0050 nan
Mean VAE loss at epoch: 0051 nan
Mean Attention loss at epoch: 0051 nan
Validation Attention loss at epoch: 0051 nan
Mean VAE loss at epoch: 0052 nan
Mean Attention loss at epoch: 0052 nanslurmstepd: error: *** JOB 11577 ON node193 CANCELLED AT 2022-05-26T21:21:09 ***
